<?xml version="1.0" encoding="utf-8"?><testsuites name="pytest tests"><testsuite name="pytest" errors="0" failures="0" skipped="0" tests="31" time="1.734" timestamp="2026-01-18T14:25:39.526085+00:00" hostname="agent-env-bc0dbcb2-2a99-409e-8563-6e2f721a17b4"><testcase classname="tests.test_odyssey_backend.TestHealthEndpoints" name="test_health_check" time="0.055" /><testcase classname="tests.test_odyssey_backend.TestHealthEndpoints" name="test_root_endpoint" time="0.039" /><testcase classname="tests.test_odyssey_backend.TestCountriesAPI" name="test_get_countries_returns_list" time="0.037" /><testcase classname="tests.test_odyssey_backend.TestCountriesAPI" name="test_country_has_required_fields" time="0.036" /><testcase classname="tests.test_odyssey_backend.TestCountriesAPI" name="test_us_country_exists" time="0.038" /><testcase classname="tests.test_odyssey_backend.TestCurrenciesAPI" name="test_get_currencies_returns_list" time="0.036" /><testcase classname="tests.test_odyssey_backend.TestCurrenciesAPI" name="test_currency_has_required_fields" time="0.035" /><testcase classname="tests.test_odyssey_backend.TestCurrenciesAPI" name="test_usd_currency_exists" time="0.034" /><testcase classname="tests.test_odyssey_backend.TestCurrenciesAPI" name="test_inr_currency_exists" time="0.040" /><testcase classname="tests.test_odyssey_backend.TestCurrencyConversion" name="test_convert_usd_to_eur" time="0.036" /><testcase classname="tests.test_odyssey_backend.TestCurrencyConversion" name="test_convert_usd_to_inr" time="0.044" /><testcase classname="tests.test_odyssey_backend.TestCityAutocomplete" name="test_autocomplete_new_york" time="0.035" /><testcase classname="tests.test_odyssey_backend.TestCityAutocomplete" name="test_autocomplete_returns_airports" time="0.035" /><testcase classname="tests.test_odyssey_backend.TestCityAutocomplete" name="test_autocomplete_london" time="0.036" /><testcase classname="tests.test_odyssey_backend.TestCityAutocomplete" name="test_autocomplete_short_query" time="0.038" /><testcase classname="tests.test_odyssey_backend.TestCityAutocomplete" name="test_autocomplete_empty_query" time="0.035" /><testcase classname="tests.test_odyssey_backend.TestVisaRequirements" name="test_visa_us_to_france" time="0.035" /><testcase classname="tests.test_odyssey_backend.TestVisaRequirements" name="test_visa_same_country" time="0.040" /><testcase classname="tests.test_odyssey_backend.TestPopularDestinations" name="test_get_popular_destinations" time="0.034" /><testcase classname="tests.test_odyssey_backend.TestPopularDestinations" name="test_destination_has_required_fields" time="0.038" /><testcase classname="tests.test_odyssey_backend.TestInsuranceProviders" name="test_get_insurance_providers" time="0.033" /><testcase classname="tests.test_odyssey_backend.TestInsuranceProviders" name="test_provider_has_required_fields" time="0.039" /><testcase classname="tests.test_odyssey_backend.TestBaggageInfo" name="test_economy_baggage" time="0.035" /><testcase classname="tests.test_odyssey_backend.TestBaggageInfo" name="test_business_baggage" time="0.034" /><testcase classname="tests.test_odyssey_backend.TestAuthEndpoints" name="test_register_new_user" time="0.261" /><testcase classname="tests.test_odyssey_backend.TestAuthEndpoints" name="test_register_duplicate_email" time="0.295" /><testcase classname="tests.test_odyssey_backend.TestAuthEndpoints" name="test_login_invalid_credentials" time="0.039" /><testcase classname="tests.test_odyssey_backend.TestAuthEndpoints" name="test_me_without_token" time="0.034" /><testcase classname="tests.test_odyssey_backend.TestContactAndNewsletter" name="test_submit_contact_form" time="0.037" /><testcase classname="tests.test_odyssey_backend.TestContactAndNewsletter" name="test_newsletter_subscribe" time="0.038" /><testcase classname="tests.test_odyssey_backend.TestAirportsEndpoint" name="test_get_new_york_airports" time="0.038" /></testsuite></testsuites>